1659791906029	geckodriver	INFO	Listening on 127.0.0.1:2044
1659791909093	mozrunner::runner	INFO	Running command: "C:\\Program Files\\Mozilla Firefox\\firefox.exe" "--marionette" "--disable-gpu" "--remote-debugging-port" "2045" "--remote-allow-hosts" "localhost" "-no-remote" "-profile" "C:\\Users\\mende\\AppData\\Local\\Temp\\rust_mozprofilepKDIqe"
1659791909364	Marionette	INFO	Marionette enabled
1659791909368	Marionette	INFO	Listening on port 2057
WebDriver BiDi listening on ws://localhost:2045
Read port: 2057
1659791909481	RemoteAgent	WARN	TLS certificate errors will be ignored for this session
console.warn: SearchSettings: "get: No settings file exists, new profile?" (new NotFoundError("Could not open the file at C:\\Users\\mende\\AppData\\Local\\Temp\\rust_mozprofilepKDIqe\\search.json.mozlz4", (void 0)))
DevTools listening on ws://localhost:2045/devtools/browser/0dfe4b93-8ecb-4bd2-a3e5-0686bf8fb082
1659791912521	Marionette	WARN	TimedPromise timed out after 500 ms: stacktrace:
TimedPromise/<@chrome://remote/content/marionette/sync.js:237:24
TimedPromise@chrome://remote/content/marionette/sync.js:222:10
interaction.flushEventLoop@chrome://remote/content/marionette/interaction.js:431:10
webdriverClickElement@chrome://remote/content/marionette/interaction.js:179:31
console.warn: LoginRecipes: "getRecipes: falling back to a synchronous message for:" "https://www.instagram.com"
console.warn: LoginRecipes: "getRecipes: falling back to a synchronous message for:" "https://www.instagram.com"
JavaScript error: resource://gre/modules/LoginManagerParent.jsm, line 136: TypeError: gRecipeManager is null
JavaScript error: https://www.instagram.com/static/bundles/es6/ConsumerLibCommons.js/48f9792e37eb.js, line 419: TypeError: o.map is not a function
JavaScript warning: https://static.cdninstagram.com/rsrc.php/v3iCUT4/yn/l/fr_FR/i385gi_X05O.js?_nc_x=Ij3Wp8lg5Kz, line 805: unreachable code after return statement
JavaScript warning: https://static.cdninstagram.com/rsrc.php/v3iCUT4/yn/l/fr_FR/i385gi_X05O.js?_nc_x=Ij3Wp8lg5Kz, line 1158: unreachable code after return statement
JavaScript warning: https://static.cdninstagram.com/rsrc.php/v3iCUT4/yn/l/fr_FR/i385gi_X05O.js?_nc_x=Ij3Wp8lg5Kz, line 1158: unreachable code after return statement
JavaScript warning: https://static.cdninstagram.com/rsrc.php/v3iCUT4/yn/l/fr_FR/i385gi_X05O.js?_nc_x=Ij3Wp8lg5Kz, line 1158: unreachable code after return statement
JavaScript warning: https://static.cdninstagram.com/rsrc.php/v3iS0N4/yd/l/fr_FR/ujWxF2EUy3B.js?_nc_x=Ij3Wp8lg5Kz, line 39: WEBGL_debug_renderer_info is deprecated in Firefox and will be removed. Please use RENDERER.
1659791930459	Marionette	INFO	Stopped listening on port 2057
console.warn: TopSitesFeed: Failed to fetch data from Contile server: NetworkError when attempting to fetch resource.
1659791988507	geckodriver	INFO	Listening on 127.0.0.1:2199
1659791991560	mozrunner::runner	INFO	Running command: "C:\\Program Files\\Mozilla Firefox\\firefox.exe" "--marionette" "--disable-gpu" "--remote-debugging-port" "2200" "--remote-allow-hosts" "localhost" "-no-remote" "-profile" "C:\\Users\\mende\\AppData\\Local\\Temp\\rust_mozprofileOt5MZr"
1659791991820	Marionette	INFO	Marionette enabled
1659791991824	Marionette	INFO	Listening on port 2211
WebDriver BiDi listening on ws://localhost:2200
Read port: 2211
1659791991937	RemoteAgent	WARN	TLS certificate errors will be ignored for this session
console.warn: SearchSettings: "get: No settings file exists, new profile?" (new NotFoundError("Could not open the file at C:\\Users\\mende\\AppData\\Local\\Temp\\rust_mozprofileOt5MZr\\search.json.mozlz4", (void 0)))
DevTools listening on ws://localhost:2200/devtools/browser/0e1e3f68-8e2a-439b-8cd1-cd3b7eccb04f
console.warn: LoginRecipes: "getRecipes: falling back to a synchronous message for:" "https://www.instagram.com"
console.warn: LoginRecipes: "getRecipes: falling back to a synchronous message for:" "https://www.instagram.com"
JavaScript error: resource://gre/modules/LoginManagerParent.jsm, line 136: TypeError: gRecipeManager is null
JavaScript error: https://www.instagram.com/static/bundles/es6/ConsumerLibCommons.js/48f9792e37eb.js, line 419: TypeError: o.map is not a function
JavaScript warning: https://static.cdninstagram.com/rsrc.php/v3iCUT4/yn/l/fr_FR/i385gi_X05O.js?_nc_x=Ij3Wp8lg5Kz, line 805: unreachable code after return statement
JavaScript warning: https://static.cdninstagram.com/rsrc.php/v3iCUT4/yn/l/fr_FR/i385gi_X05O.js?_nc_x=Ij3Wp8lg5Kz, line 1158: unreachable code after return statement
JavaScript warning: https://static.cdninstagram.com/rsrc.php/v3iCUT4/yn/l/fr_FR/i385gi_X05O.js?_nc_x=Ij3Wp8lg5Kz, line 1158: unreachable code after return statement
JavaScript warning: https://static.cdninstagram.com/rsrc.php/v3iCUT4/yn/l/fr_FR/i385gi_X05O.js?_nc_x=Ij3Wp8lg5Kz, line 1158: unreachable code after return statement
JavaScript warning: https://static.cdninstagram.com/rsrc.php/v3iS0N4/yd/l/fr_FR/ujWxF2EUy3B.js?_nc_x=Ij3Wp8lg5Kz, line 39: WEBGL_debug_renderer_info is deprecated in Firefox and will be removed. Please use RENDERER.
JavaScript warning: https://static.cdninstagram.com/rsrc.php/v3iCUT4/yn/l/fr_FR/i385gi_X05O.js?_nc_x=Ij3Wp8lg5Kz, line 805: unreachable code after return statement
JavaScript warning: https://static.cdninstagram.com/rsrc.php/v3iCUT4/yn/l/fr_FR/i385gi_X05O.js?_nc_x=Ij3Wp8lg5Kz, line 1158: unreachable code after return statement
JavaScript warning: https://static.cdninstagram.com/rsrc.php/v3iCUT4/yn/l/fr_FR/i385gi_X05O.js?_nc_x=Ij3Wp8lg5Kz, line 1158: unreachable code after return statement
JavaScript warning: https://static.cdninstagram.com/rsrc.php/v3iCUT4/yn/l/fr_FR/i385gi_X05O.js?_nc_x=Ij3Wp8lg5Kz, line 1158: unreachable code after return statement
JavaScript warning: https://static.cdninstagram.com/rsrc.php/v3iS0N4/yd/l/fr_FR/ujWxF2EUy3B.js?_nc_x=Ij3Wp8lg5Kz, line 39: WEBGL_debug_renderer_info is deprecated in Firefox and will be removed. Please use RENDERER.
JavaScript warning: https://static.cdninstagram.com/rsrc.php/v3iCUT4/yn/l/fr_FR/i385gi_X05O.js?_nc_x=Ij3Wp8lg5Kz, line 805: unreachable code after return statement
JavaScript warning: https://static.cdninstagram.com/rsrc.php/v3iCUT4/yn/l/fr_FR/i385gi_X05O.js?_nc_x=Ij3Wp8lg5Kz, line 1158: unreachable code after return statement
JavaScript warning: https://static.cdninstagram.com/rsrc.php/v3iCUT4/yn/l/fr_FR/i385gi_X05O.js?_nc_x=Ij3Wp8lg5Kz, line 1158: unreachable code after return statement
JavaScript warning: https://static.cdninstagram.com/rsrc.php/v3iCUT4/yn/l/fr_FR/i385gi_X05O.js?_nc_x=Ij3Wp8lg5Kz, line 1158: unreachable code after return statement
JavaScript warning: https://static.cdninstagram.com/rsrc.php/v3iS0N4/yd/l/fr_FR/ujWxF2EUy3B.js?_nc_x=Ij3Wp8lg5Kz, line 39: WEBGL_debug_renderer_info is deprecated in Firefox and will be removed. Please use RENDERER.
1659792026901	Marionette	WARN	TimedPromise timed out after 500 ms: stacktrace:
TimedPromise/<@chrome://remote/content/marionette/sync.js:237:24
TimedPromise@chrome://remote/content/marionette/sync.js:222:10
interaction.flushEventLoop@chrome://remote/content/marionette/interaction.js:431:10
webdriverClickElement@chrome://remote/content/marionette/interaction.js:179:31
